WorldInfoEvent:{"leftTop":{"x":0.0,"y":5.0},"rightBottom":{"x":90.0,"y":10.0}}
WorldInfoEvent:{"leftTop":{"x":0.0,"y":40.0},"rightBottom":{"x":90.0,"y":45.0}}
WorldInfoEvent:{"leftTop":{"x":10.0,"y":10.0},"rightBottom":{"x":40.0,"y":20.0}}
WorldInfoEvent:{"leftTop":{"x":10.0,"y":30.0},"rightBottom":{"x":40.0,"y":40.0}}
WorldInfoEvent:{"leftTop":{"x":46.0,"y":20.0},"rightBottom":{"x":50.0,"y":30.0}}
WorldInfoEvent:{"leftTop":{"x":55.0,"y":10.0},"rightBottom":{"x":60.0,"y":22.0}}
WorldInfoEvent:{"leftTop":{"x":65.0,"y":30.0},"rightBottom":{"x":70.0,"y":40.0}}
WorldInfoEvent:{"leftTop":{"x":80.0,"y":10.0},"rightBottom":{"x":85.0,"y":35.0}}
SimulationDroneEvent:{"wordCenter":{"x":0.0,"y":20.0},"velocity":{"x":4.0,"y":0.0},"force":{"validTime":0.0,"force":{"x":0.0,"y":0.0}},"time":0.02}
SimulationDroneEvent:{"wordCenter":{"x":1.7333333333333332,"y":20.0},"velocity":{"x":4.0,"y":0.0},"force":{"validTime":0.0,"force":{"x":0.0,"y":0.0}},"time":0.5400000000000001}
SimulationDroneEvent:{"wordCenter":{"x":3.466666666666671,"y":20.0},"velocity":{"x":4.0,"y":0.0},"force":{"validTime":0.0,"force":{"x":0.0,"y":0.0}},"time":1.0600000000000005}
SimulationDroneEvent:{"wordCenter":{"x":5.200000000000001,"y":20.0},"velocity":{"x":4.0,"y":0.0},"force":{"validTime":0.0,"force":{"x":0.0,"y":0.0}},"time":1.580000000000001}
SimulationDroneEvent:{"wordCenter":{"x":6.933333333333328,"y":20.0},"velocity":{"x":0.06665740933597841,"y":3.999444560158399},"force":{"validTime":0.0,"force":{"x":0.0,"y":0.0}},"time":2.1000000000000014}
SimulationDroneEvent:{"wordCenter":{"x":6.9622182107122565,"y":21.73309264273533},"velocity":{"x":0.06665740933597146,"y":3.9994445601584},"force":{"validTime":0.0,"force":{"x":0.0,"y":0.0}},"time":2.620000000000002}
SimulationDroneEvent:{"wordCenter":{"x":6.991103088091185,"y":23.466185285470658},"velocity":{"x":3.999507341765988,"y":0.06277756892359575},"force":{"validTime":0.0,"force":{"x":0.0,"y":0.0}},"time":3.1400000000000023}
SimulationDroneEvent:{"wordCenter":{"x":8.724222936189781,"y":23.49338889867085},"velocity":{"x":3.9995073417659888,"y":0.06277756892359972},"force":{"validTime":0.0,"force":{"x":0.0,"y":0.0}},"time":3.660000000000003}
SimulationDroneEvent:{"wordCenter":{"x":10.457342784288377,"y":23.520592511871044},"velocity":{"x":3.9995073417659888,"y":0.06277756892360412},"force":{"validTime":0.0,"force":{"x":0.0,"y":0.0}},"time":4.179999999999999}
SimulationDroneEvent:{"wordCenter":{"x":12.190462632386973,"y":23.547796125071237},"velocity":{"x":3.9995073417659883,"y":0.06277756892360904},"force":{"validTime":0.0,"force":{"x":0.0,"y":0.0}},"time":4.699999999999988}
SimulationDroneEvent:{"wordCenter":{"x":13.92358248048557,"y":23.57499973827143},"velocity":{"x":3.9995073417659883,"y":0.06277756892361461},"force":{"validTime":0.0,"force":{"x":0.0,"y":0.0}},"time":5.219999999999977}
SimulationDroneEvent:{"wordCenter":{"x":15.656702328584165,"y":23.602203351471623},"velocity":{"x":3.9995073417659874,"y":0.06277756892362092},"force":{"validTime":0.0,"force":{"x":0.0,"y":0.0}},"time":5.739999999999966}
SimulationDroneEvent:{"wordCenter":{"x":17.38982217668276,"y":23.629406964671816},"velocity":{"x":3.999507341765988,"y":0.06277756892362817},"force":{"validTime":0.0,"force":{"x":0.0,"y":0.0}},"time":6.2599999999999545}
SimulationDroneEvent:{"wordCenter":{"x":19.122942024781356,"y":23.65661057787201},"velocity":{"x":3.9995073417659874,"y":0.06277756892363656},"force":{"validTime":0.0,"force":{"x":0.0,"y":0.0}},"time":6.779999999999943}
SimulationDroneEvent:{"wordCenter":{"x":20.856061872879952,"y":23.683814191072294},"velocity":{"x":3.999507341765988,"y":0.06277756892362808},"force":{"validTime":0.0,"force":{"x":0.0,"y":0.0}},"time":7.299999999999932}
SimulationDroneEvent:{"wordCenter":{"x":22.589181720978548,"y":23.711017804272487},"velocity":{"x":3.999507341765988,"y":0.06277756892363806},"force":{"validTime":0.0,"force":{"x":0.0,"y":0.0}},"time":7.819999999999921}
SimulationDroneEvent:{"wordCenter":{"x":24.322301569077144,"y":23.738221417472772},"velocity":{"x":3.999507341765988,"y":0.06277756892362796},"force":{"validTime":0.0,"force":{"x":0.0,"y":0.0}},"time":8.339999999999911}
SimulationDroneEvent:{"wordCenter":{"x":26.05542141717574,"y":23.765425030672965},"velocity":{"x":3.999507341765988,"y":0.06277756892364023},"force":{"validTime":0.0,"force":{"x":0.0,"y":0.0}},"time":8.8599999999999}
SimulationDroneEvent:{"wordCenter":{"x":27.788541265274336,"y":23.79262864387325},"velocity":{"x":3.9995073417659883,"y":0.06277756892362776},"force":{"validTime":0.0,"force":{"x":0.0,"y":0.0}},"time":9.379999999999889}
SimulationDroneEvent:{"wordCenter":{"x":29.521661113372932,"y":23.819832257073443},"velocity":{"x":3.999507341765987,"y":0.0627775689236437},"force":{"validTime":0.0,"force":{"x":0.0,"y":0.0}},"time":9.899999999999878}
SimulationDroneEvent:{"wordCenter":{"x":31.25478096147153,"y":23.84703587027373},"velocity":{"x":3.999507341765988,"y":0.06277756892362743},"force":{"validTime":0.0,"force":{"x":0.0,"y":0.0}},"time":10.419999999999867}
SimulationDroneEvent:{"wordCenter":{"x":32.98790080957012,"y":23.87423948347392},"velocity":{"x":3.9995073417659874,"y":0.06277756892365018},"force":{"validTime":0.0,"force":{"x":0.0,"y":0.0}},"time":10.939999999999856}
SimulationDroneEvent:{"wordCenter":{"x":34.72102065766872,"y":23.901443096674207},"velocity":{"x":3.9995073417659883,"y":0.06277756892362671},"force":{"validTime":0.0,"force":{"x":0.0,"y":0.0}},"time":11.459999999999845}
SimulationDroneEvent:{"wordCenter":{"x":36.45414050576731,"y":23.9286467098744},"velocity":{"x":3.999507341765987,"y":0.06277756892366657},"force":{"validTime":0.0,"force":{"x":0.0,"y":0.0}},"time":11.979999999999833}
SimulationDroneEvent:{"wordCenter":{"x":38.18726035386591,"y":23.955850323074685},"velocity":{"x":3.9995073417659883,"y":0.06277756892362427},"force":{"validTime":0.0,"force":{"x":0.0,"y":0.0}},"time":12.499999999999822}
SimulationDroneEvent:{"wordCenter":{"x":39.920380201964505,"y":23.983053936274878},"velocity":{"x":3.999507341765985,"y":0.0627775689237882},"force":{"validTime":0.0,"force":{"x":0.0,"y":0.0}},"time":13.019999999999811}
SimulationDroneEvent:{"wordCenter":{"x":41.6535000500631,"y":24.010257549475163},"velocity":{"x":-0.3712724892951297,"y":-3.98273232074321},"force":{"validTime":0.0,"force":{"x":0.0,"y":0.0}},"time":13.5399999999998}
SimulationDroneEvent:{"wordCenter":{"x":41.4926153047019,"y":22.284406877153124},"velocity":{"x":-0.37127248929514445,"y":-3.9827323207432084},"force":{"validTime":0.0,"force":{"x":0.0,"y":0.0}},"time":14.059999999999789}
SimulationDroneEvent:{"wordCenter":{"x":41.3317305593407,"y":20.558556204831085},"velocity":{"x":-0.3712724892951734,"y":-3.982732320743206},"force":{"validTime":0.0,"force":{"x":0.0,"y":0.0}},"time":14.579999999999778}
SimulationDroneEvent:{"wordCenter":{"x":41.1708458139795,"y":18.832705532509046},"velocity":{"x":-0.37127248929525714,"y":-3.9827323207431986},"force":{"validTime":0.0,"force":{"x":0.0,"y":0.0}},"time":15.099999999999767}
SimulationDroneEvent:{"wordCenter":{"x":41.009961068618296,"y":17.106854860187006},"velocity":{"x":3.999841163063894,"y":-0.03564646209202693},"force":{"validTime":0.0,"force":{"x":0.0,"y":0.0}},"time":15.619999999999756}
SimulationDroneEvent:{"wordCenter":{"x":42.74322557261263,"y":17.091408059947113},"velocity":{"x":3.9998411630638944,"y":-0.0356464620920212},"force":{"validTime":0.0,"force":{"x":0.0,"y":0.0}},"time":16.139999999999745}
SimulationDroneEvent:{"wordCenter":{"x":44.476490076606964,"y":17.07596125970722},"velocity":{"x":3.999841163063894,"y":-0.03564646209201313},"force":{"validTime":0.0,"force":{"x":0.0,"y":0.0}},"time":16.659999999999734}
SimulationDroneEvent:{"wordCenter":{"x":46.2097545806013,"y":17.060514459467328},"velocity":{"x":3.9998411630638935,"y":-0.035646462092000945},"force":{"validTime":0.0,"force":{"x":0.0,"y":0.0}},"time":17.179999999999723}
SimulationDroneEvent:{"wordCenter":{"x":47.94301908459563,"y":17.045067659227435},"velocity":{"x":3.999841163063894,"y":-0.03564646209198041},"force":{"validTime":0.0,"force":{"x":0.0,"y":0.0}},"time":17.69999999999971}
SimulationDroneEvent:{"wordCenter":{"x":49.67628358858997,"y":17.029620858987542},"velocity":{"x":3.9998411630638944,"y":-0.03564646209193846},"force":{"validTime":0.0,"force":{"x":0.0,"y":0.0}},"time":18.2199999999997}
SimulationDroneEvent:{"wordCenter":{"x":51.4095480925843,"y":17.01417405874774},"velocity":{"x":3.999841163063894,"y":-0.03564646209203736},"force":{"validTime":0.0,"force":{"x":0.0,"y":0.0}},"time":18.73999999999969}
SimulationDroneEvent:{"wordCenter":{"x":53.142812596578636,"y":16.99872725850785},"velocity":{"x":-0.07138357018803354,"y":3.999362997516881},"force":{"validTime":0.0,"force":{"x":0.0,"y":0.0}},"time":19.25999999999968}
SimulationDroneEvent:{"wordCenter":{"x":53.111879716163884,"y":18.731784557431794},"velocity":{"x":-0.0713835701880726,"y":3.9993629975168803},"force":{"validTime":0.0,"force":{"x":0.0,"y":0.0}},"time":19.779999999999667}
SimulationDroneEvent:{"wordCenter":{"x":53.08094683574913,"y":20.46484185635574},"velocity":{"x":-0.07138357018814155,"y":3.999362997516879},"force":{"validTime":0.0,"force":{"x":0.0,"y":0.0}},"time":20.299999999999656}
SimulationDroneEvent:{"wordCenter":{"x":53.050013955334194,"y":22.197899155279686},"velocity":{"x":-0.0713835701880322,"y":3.999362997516881},"force":{"validTime":0.0,"force":{"x":0.0,"y":0.0}},"time":20.819999999999645}
SimulationDroneEvent:{"wordCenter":{"x":53.01908107491944,"y":23.93095645420363},"velocity":{"x":-0.07138357018825917,"y":3.9993629975168767},"force":{"validTime":0.0,"force":{"x":0.0,"y":0.0}},"time":21.339999999999634}
SimulationDroneEvent:{"wordCenter":{"x":52.988148194504504,"y":25.664013753127577},"velocity":{"x":3.9821840244819104,"y":-0.37710793569089934},"force":{"validTime":0.0,"force":{"x":0.0,"y":0.0}},"time":21.859999999999623}
SimulationDroneEvent:{"wordCenter":{"x":54.71376127178007,"y":25.500600314328217},"velocity":{"x":3.9821840244819087,"y":-0.377107935690927},"force":{"validTime":0.0,"force":{"x":0.0,"y":0.0}},"time":22.37999999999961}
SimulationDroneEvent:{"wordCenter":{"x":56.43937434905564,"y":25.337186875528857},"velocity":{"x":3.9821840244819033,"y":-0.3771079356909813},"force":{"validTime":0.0,"force":{"x":0.0,"y":0.0}},"time":22.8999999999996}
SimulationDroneEvent:{"wordCenter":{"x":58.16498742633121,"y":25.173773436729405},"velocity":{"x":3.982184024481907,"y":-0.37710793569093903},"force":{"validTime":0.0,"force":{"x":0.0,"y":0.0}},"time":23.41999999999959}
SimulationDroneEvent:{"wordCenter":{"x":59.89060050360678,"y":25.010359997929953},"velocity":{"x":3.999999266703386,"y":-0.0024220595311715597},"force":{"validTime":0.0,"force":{"x":0.0,"y":0.0}},"time":23.93999999999958}
SimulationDroneEvent:{"wordCenter":{"x":61.62393351917828,"y":25.009310438799822},"velocity":{"x":3.9999992667033863,"y":-0.0024220595311829148},"force":{"validTime":0.0,"force":{"x":0.0,"y":0.0}},"time":24.459999999999567}
SimulationDroneEvent:{"wordCenter":{"x":63.35726653474978,"y":25.0082608796696},"velocity":{"x":3.9999992667033863,"y":-0.0024220595311700717},"force":{"validTime":0.0,"force":{"x":0.0,"y":0.0}},"time":24.979999999999556}
SimulationDroneEvent:{"wordCenter":{"x":65.09059955032129,"y":25.00721132053947},"velocity":{"x":3.9999992667033863,"y":-0.002422059531184515},"force":{"validTime":0.0,"force":{"x":0.0,"y":0.0}},"time":25.499999999999545}
SimulationDroneEvent:{"wordCenter":{"x":66.82393256589279,"y":25.006161761409246},"velocity":{"x":3.9999992667033863,"y":-0.0024220595311675694},"force":{"validTime":0.0,"force":{"x":0.0,"y":0.0}},"time":26.019999999999534}
SimulationDroneEvent:{"wordCenter":{"x":68.55726558146429,"y":25.005112202279115},"velocity":{"x":3.999999266703386,"y":-0.002422059531187429},"force":{"validTime":0.0,"force":{"x":0.0,"y":0.0}},"time":26.539999999999523}
SimulationDroneEvent:{"wordCenter":{"x":70.2905985970358,"y":25.00406264314889},"velocity":{"x":3.999999266703386,"y":-0.002422059531162481},"force":{"validTime":0.0,"force":{"x":0.0,"y":0.0}},"time":27.059999999999512}
SimulationDroneEvent:{"wordCenter":{"x":72.0239316126073,"y":25.00301308401876},"velocity":{"x":3.9999992667033863,"y":-0.0024220595311944043},"force":{"validTime":0.0,"force":{"x":0.0,"y":0.0}},"time":27.5799999999995}
SimulationDroneEvent:{"wordCenter":{"x":73.7572646281788,"y":25.001963524888538},"velocity":{"x":3.9999992667033863,"y":-0.0024220595311465133},"force":{"validTime":0.0,"force":{"x":0.0,"y":0.0}},"time":28.09999999999949}
SimulationDroneEvent:{"wordCenter":{"x":75.4905976437503,"y":25.000913965758407},"velocity":{"x":3.999999266703387,"y":-0.0024220595312334186},"force":{"validTime":0.0,"force":{"x":0.0,"y":0.0}},"time":28.61999999999948}
SimulationDroneEvent:{"wordCenter":{"x":77.22393065932181,"y":24.999864406628184},"velocity":{"x":-0.08141145977651415,"y":3.9991714359623365},"force":{"validTime":0.0,"force":{"x":0.0,"y":0.0}},"time":29.139999999999468}
SimulationDroneEvent:{"wordCenter":{"x":77.18865236008534,"y":26.732838695545198},"velocity":{"x":-0.081411459776524,"y":3.999171435962336},"force":{"validTime":0.0,"force":{"x":0.0,"y":0.0}},"time":29.659999999999457}
SimulationDroneEvent:{"wordCenter":{"x":77.15337406084888,"y":28.46581298446221},"velocity":{"x":-0.08141145977653841,"y":3.9991714359623365},"force":{"validTime":0.0,"force":{"x":0.0,"y":0.0}},"time":30.179999999999445}
SimulationDroneEvent:{"wordCenter":{"x":77.11809576161241,"y":30.198787273379224},"velocity":{"x":-0.08141145977656139,"y":3.999171435962336},"force":{"validTime":0.0,"force":{"x":0.0,"y":0.0}},"time":30.699999999999434}
SimulationDroneEvent:{"wordCenter":{"x":77.08281746237594,"y":31.931761562296238},"velocity":{"x":-0.08141145977660395,"y":3.9991714359623343},"force":{"validTime":0.0,"force":{"x":0.0,"y":0.0}},"time":31.219999999999423}
SimulationDroneEvent:{"wordCenter":{"x":77.04753916313948,"y":33.664735851213166},"velocity":{"x":-0.08141145977670675,"y":3.9991714359623325},"force":{"validTime":0.0,"force":{"x":0.0,"y":0.0}},"time":31.739999999999412}
SimulationDroneEvent:{"wordCenter":{"x":77.01226086390301,"y":35.39771014013009},"velocity":{"x":3.9986277758679982,"y":0.10476597757357275},"force":{"validTime":0.0,"force":{"x":0.0,"y":0.0}},"time":32.259999999999444}
SimulationDroneEvent:{"wordCenter":{"x":78.74499956677928,"y":35.44310873041192},"velocity":{"x":3.9986277758679982,"y":0.10476597757358229},"force":{"validTime":0.0,"force":{"x":0.0,"y":0.0}},"time":32.779999999999525}
SimulationDroneEvent:{"wordCenter":{"x":80.47773826965556,"y":35.488507320693756},"velocity":{"x":3.9986277758679982,"y":0.10476597757359353},"force":{"validTime":0.0,"force":{"x":0.0,"y":0.0}},"time":33.299999999999606}
SimulationDroneEvent:{"wordCenter":{"x":82.21047697253184,"y":35.53390591097559},"velocity":{"x":3.998627775867997,"y":0.10476597757360692},"force":{"validTime":0.0,"force":{"x":0.0,"y":0.0}},"time":33.81999999999969}
SimulationDroneEvent:{"wordCenter":{"x":83.94321567540811,"y":35.579304501257425},"velocity":{"x":3.998627775867997,"y":0.10476597757362324},"force":{"validTime":0.0,"force":{"x":0.0,"y":0.0}},"time":34.33999999999977}
SimulationDroneEvent:{"wordCenter":{"x":85.67595437828439,"y":35.62470309153926},"velocity":{"x":3.9986277758679964,"y":0.10476597757364349},"force":{"validTime":0.0,"force":{"x":0.0,"y":0.0}},"time":34.85999999999985}
